0 info it worked if it ends with ok
1 verbose cli [ 'C:\\Program Files\\nodejs\\node.exe',
1 verbose cli   'C:\\Users\\nik\\AppData\\Roaming\\npm\\node_modules\\npm\\bin\\npm-cli.js',
1 verbose cli   'run',
1 verbose cli   'setup' ]
2 info using npm@4.0.3
3 info using node@v6.3.1
4 verbose run-script [ 'presetup', 'setup', 'postsetup' ]
5 info lifecycle prototyper@0.0.1~presetup: prototyper@0.0.1
6 silly lifecycle prototyper@0.0.1~presetup: no script for presetup, continuing
7 info lifecycle prototyper@0.0.1~setup: prototyper@0.0.1
8 verbose lifecycle prototyper@0.0.1~setup: unsafe-perm in lifecycle true
9 verbose lifecycle prototyper@0.0.1~setup: PATH: C:\Users\nik\AppData\Roaming\npm\node_modules\npm\bin\node-gyp-bin;C:\work\monterey-framework\prototyper\node_modules\.bin;C:\tools\cmder\bin;C:\tools\cmder\vendor\conemu-maximus5\ConEmu\Scripts;C:\tools\cmder\vendor\conemu-maximus5;C:\tools\cmder\vendor\conemu-maximus5\ConEmu;C:\Program Files (x86)\Intel\iCLS Client\;C:\Program Files\Intel\iCLS Client\;C:\windows\system32;C:\windows;C:\windows\System32\Wbem;C:\windows\System32\WindowsPowerShell\v1.0\;C:\Program Files (x86)\Intel\Intel(R) Management Engine Components\DAL;C:\Program Files\Intel\Intel(R) Management Engine Components\DAL;C:\Program Files (x86)\Intel\Intel(R) Management Engine Components\IPT;C:\Program Files\Intel\Intel(R) Management Engine Components\IPT;C:\Program Files\Intel\WiFi\bin\;C:\Program Files\Common Files\Intel\WirelessCommon\;C:\Program Files\nodejs\;C:\Program Files (x86)\Windows Kits\8.1\Windows Performance Toolkit\;C:\Program Files\Microsoft SQL Server\130\Tools\Binn\;C:\Program Files\Git\cmd;C:\Program Files (x86)\Skype\Phone\;C:\Program Files\dotnet\;C:\Program Files\Microsoft\Web Platform Installer\;C:\tools\yarn\bin;C:\Users\nik\AppData\Local\Programs\Python\Launcher\;C:\Users\nik\AppData\Roaming\npm;C:\Program Files (x86)\Microsoft VS Code\bin;C:\Users\nik\AppData\Local\atom\bin;C:\Program Files\Docker Toolbox;C:\Program Files\Git\usr\bin;C:\Program Files\Git\usr\share\vim\vim74;C:\tools\cmder\
10 verbose lifecycle prototyper@0.0.1~setup: CWD: C:\work\monterey-framework\prototyper
11 silly lifecycle prototyper@0.0.1~setup: Args: [ '/d /s /c',
11 silly lifecycle   'node utils -setup && node utils -rebuild-native' ]
12 silly lifecycle prototyper@0.0.1~setup: Returned: code: 1  signal: null
13 info lifecycle prototyper@0.0.1~setup: Failed to exec setup script
14 verbose stack Error: prototyper@0.0.1 setup: `node utils -setup && node utils -rebuild-native`
14 verbose stack Exit status 1
14 verbose stack     at EventEmitter.<anonymous> (C:\Users\nik\AppData\Roaming\npm\node_modules\npm\lib\utils\lifecycle.js:279:16)
14 verbose stack     at emitTwo (events.js:106:13)
14 verbose stack     at EventEmitter.emit (events.js:191:7)
14 verbose stack     at ChildProcess.<anonymous> (C:\Users\nik\AppData\Roaming\npm\node_modules\npm\lib\utils\spawn.js:40:14)
14 verbose stack     at emitTwo (events.js:106:13)
14 verbose stack     at ChildProcess.emit (events.js:191:7)
14 verbose stack     at maybeClose (internal/child_process.js:852:16)
14 verbose stack     at Process.ChildProcess._handle.onexit (internal/child_process.js:215:5)
15 verbose pkgid prototyper@0.0.1
16 verbose cwd C:\work\monterey-framework\prototyper
17 error Windows_NT 10.0.10586
18 error argv "C:\\Program Files\\nodejs\\node.exe" "C:\\Users\\nik\\AppData\\Roaming\\npm\\node_modules\\npm\\bin\\npm-cli.js" "run" "setup"
19 error node v6.3.1
20 error npm  v4.0.3
21 error code ELIFECYCLE
22 error prototyper@0.0.1 setup: `node utils -setup && node utils -rebuild-native`
22 error Exit status 1
23 error Failed at the prototyper@0.0.1 setup script 'node utils -setup && node utils -rebuild-native'.
23 error Make sure you have the latest version of node.js and npm installed.
23 error If you do, this is most likely a problem with the prototyper package,
23 error not with npm itself.
23 error Tell the author that this fails on your system:
23 error     node utils -setup && node utils -rebuild-native
23 error You can get information on how to open an issue for this project with:
23 error     npm bugs prototyper
23 error Or if that isn't available, you can get their info via:
23 error     npm owner ls prototyper
23 error There is likely additional logging output above.
24 verbose exit [ 1, true ]
